2021-06-14 15:40:25,207 [Worker-3: Loading available Gradle versions] INFO  o.e.b.c.i.u.g.PublishedGradleVersions - Gradle version information cache is not available. Remote download required.
2021-06-14 15:43:28,883 [Worker-3: Loading available Gradle versions] INFO  o.e.b.c.i.u.g.PublishedGradleVersions - Gradle version information cache is up-to-date. Trying to read.
2021-06-14 15:52:15,104 [Worker-0: Loading available Gradle versions] INFO  o.e.b.c.i.u.g.PublishedGradleVersions - Gradle version information cache is up-to-date. Trying to read.
2021-06-14 15:59:43,408 [Worker-3: Loading available Gradle versions] INFO  o.e.b.c.i.u.g.PublishedGradleVersions - Gradle version information cache is up-to-date. Trying to read.
2021-06-14 21:10:58,880 [Worker-4: Loading available Gradle versions] INFO  o.e.b.c.i.u.g.PublishedGradleVersions - Gradle version information cache is up-to-date. Trying to read.
2021-06-15 10:06:16,955 [Worker-0: Loading available Gradle versions] INFO  o.e.b.c.i.u.g.PublishedGradleVersions - Gradle version information cache is up-to-date. Trying to read.
2021-06-16 10:16:36,358 [Worker-3: Loading available Gradle versions] INFO  o.e.b.c.i.u.g.PublishedGradleVersions - Gradle version information cache is out-of-date. Trying to update.
2021-06-17 09:58:47,213 [Worker-4: Loading available Gradle versions] INFO  o.e.b.c.i.u.g.PublishedGradleVersions - Gradle version information cache is up-to-date. Trying to read.
2021-06-17 21:09:20,713 [Worker-3: Loading available Gradle versions] INFO  o.e.b.c.i.u.g.PublishedGradleVersions - Gradle version information cache is out-of-date. Trying to update.
2021-06-18 10:01:47,505 [Worker-0: Loading available Gradle versions] INFO  o.e.b.c.i.u.g.PublishedGradleVersions - Gradle version information cache is up-to-date. Trying to read.
2021-06-19 22:20:38,889 [Worker-4: Loading available Gradle versions] INFO  o.e.b.c.i.u.g.PublishedGradleVersions - Gradle version information cache is out-of-date. Trying to update.
2021-06-20 21:58:16,256 [Worker-4: Loading available Gradle versions] INFO  o.e.b.c.i.u.g.PublishedGradleVersions - Gradle version information cache is up-to-date. Trying to read.
2021-06-21 10:14:01,710 [Worker-7: Loading available Gradle versions] INFO  o.e.b.c.i.u.g.PublishedGradleVersions - Gradle version information cache is out-of-date. Trying to update.
2021-06-22 00:44:49,916 [Worker-4: Loading available Gradle versions] INFO  o.e.b.c.i.u.g.PublishedGradleVersions - Gradle version information cache is up-to-date. Trying to read.
2021-06-22 10:08:16,292 [Worker-4: Loading available Gradle versions] INFO  o.e.b.c.i.u.g.PublishedGradleVersions - Gradle version information cache is up-to-date. Trying to read.
2021-06-23 10:16:55,863 [Worker-4: Loading available Gradle versions] INFO  o.e.b.c.i.u.g.PublishedGradleVersions - Gradle version information cache is out-of-date. Trying to update.
2021-06-23 22:10:01,355 [Worker-7: Loading available Gradle versions] INFO  o.e.b.c.i.u.g.PublishedGradleVersions - Gradle version information cache is up-to-date. Trying to read.
2021-06-24 01:59:07,970 [Worker-113: reload maven project] INFO  o.e.m.c.i.e.AbstractTransferListenerAdapter - Downloaded http://mesir.googlecode.com/svn/trunk/mavenrepo/com/oracle/ojdbc14/10.2.0.4.0/ojdbc14-10.2.0.4.0.pom
2021-06-24 01:59:09,230 [Worker-113: reload maven project] INFO  o.e.m.c.i.e.AbstractTransferListenerAdapter - Downloading https://repo.maven.apache.org/maven2/com/oracle/ojdbc14/10.2.0.4.0/ojdbc14-10.2.0.4.0.pom
2021-06-24 01:59:09,774 [Worker-113: reload maven project] INFO  o.e.m.c.i.e.AbstractTransferListenerAdapter - Downloaded https://repo.maven.apache.org/maven2/com/oracle/ojdbc14/10.2.0.4.0/ojdbc14-10.2.0.4.0.pom
2021-06-24 01:59:09,847 [Worker-113: reload maven project] INFO  o.e.m.c.i.e.AbstractTransferListenerAdapter - Downloaded http://mesir.googlecode.com/svn/trunk/mavenrepo/org/mybatis/mybatis/3.2.7/mybatis-3.2.7.pom
2021-06-24 01:59:09,986 [Worker-113: reload maven project] INFO  o.e.m.c.i.e.AbstractTransferListenerAdapter - Downloading https://repo.maven.apache.org/maven2/org/mybatis/mybatis/3.2.7/mybatis-3.2.7.pom
2021-06-24 01:59:10,145 [Worker-113: reload maven project] INFO  o.e.m.c.i.e.AbstractTransferListenerAdapter - Downloaded https://repo.maven.apache.org/maven2/org/mybatis/mybatis/3.2.7/mybatis-3.2.7.pom
2021-06-24 01:59:10,255 [Worker-113: reload maven project] INFO  o.e.m.c.i.e.AbstractTransferListenerAdapter - Downloaded http://mesir.googlecode.com/svn/trunk/mavenrepo/commons-dbcp/commons-dbcp/1.4/commons-dbcp-1.4.pom
2021-06-24 01:59:10,401 [Worker-113: reload maven project] INFO  o.e.m.c.i.e.AbstractTransferListenerAdapter - Downloading https://repo.maven.apache.org/maven2/commons-dbcp/commons-dbcp/1.4/commons-dbcp-1.4.pom
2021-06-24 01:59:10,592 [Worker-113: reload maven project] INFO  o.e.m.c.i.e.AbstractTransferListenerAdapter - Downloaded https://repo.maven.apache.org/maven2/commons-dbcp/commons-dbcp/1.4/commons-dbcp-1.4.pom
2021-06-24 01:59:10,692 [Worker-113: reload maven project] INFO  o.e.m.c.i.e.AbstractTransferListenerAdapter - Downloaded http://mesir.googlecode.com/svn/trunk/mavenrepo/org/apache/commons/commons-parent/12/commons-parent-12.pom
2021-06-24 01:59:10,996 [Worker-113: reload maven project] INFO  o.e.m.c.i.e.AbstractTransferListenerAdapter - Downloading https://repo.maven.apache.org/maven2/org/apache/commons/commons-parent/12/commons-parent-12.pom
2021-06-24 01:59:11,234 [Worker-113: reload maven project] INFO  o.e.m.c.i.e.AbstractTransferListenerAdapter - Downloaded https://repo.maven.apache.org/maven2/org/apache/commons/commons-parent/12/commons-parent-12.pom
2021-06-24 01:59:11,307 [Worker-113: reload maven project] INFO  o.e.m.c.i.e.AbstractTransferListenerAdapter - Downloaded http://mesir.googlecode.com/svn/trunk/mavenrepo/commons-pool/commons-pool/1.5.4/commons-pool-1.5.4.pom
2021-06-24 01:59:11,457 [Worker-113: reload maven project] INFO  o.e.m.c.i.e.AbstractTransferListenerAdapter - Downloading https://repo.maven.apache.org/maven2/commons-pool/commons-pool/1.5.4/commons-pool-1.5.4.pom
2021-06-24 01:59:11,647 [Worker-113: reload maven project] INFO  o.e.m.c.i.e.AbstractTransferListenerAdapter - Downloaded https://repo.maven.apache.org/maven2/commons-pool/commons-pool/1.5.4/commons-pool-1.5.4.pom
2021-06-24 01:59:11,706 [Worker-113: reload maven project] INFO  o.e.m.c.i.e.AbstractTransferListenerAdapter - Downloaded http://mesir.googlecode.com/svn/trunk/mavenrepo/org/springframework/spring-jdbc/3.1.1.RELEASE/spring-jdbc-3.1.1.RELEASE.pom
2021-06-24 01:59:11,854 [Worker-113: reload maven project] INFO  o.e.m.c.i.e.AbstractTransferListenerAdapter - Downloading https://repo.maven.apache.org/maven2/org/springframework/spring-jdbc/3.1.1.RELEASE/spring-jdbc-3.1.1.RELEASE.pom
2021-06-24 01:59:12,034 [Worker-113: reload maven project] INFO  o.e.m.c.i.e.AbstractTransferListenerAdapter - Downloaded https://repo.maven.apache.org/maven2/org/springframework/spring-jdbc/3.1.1.RELEASE/spring-jdbc-3.1.1.RELEASE.pom
2021-06-24 01:59:12,099 [Worker-113: reload maven project] INFO  o.e.m.c.i.e.AbstractTransferListenerAdapter - Downloaded http://mesir.googlecode.com/svn/trunk/mavenrepo/org/springframework/spring-tx/3.1.1.RELEASE/spring-tx-3.1.1.RELEASE.pom
2021-06-24 01:59:12,239 [Worker-113: reload maven project] INFO  o.e.m.c.i.e.AbstractTransferListenerAdapter - Downloading https://repo.maven.apache.org/maven2/org/springframework/spring-tx/3.1.1.RELEASE/spring-tx-3.1.1.RELEASE.pom
2021-06-24 01:59:12,424 [Worker-113: reload maven project] INFO  o.e.m.c.i.e.AbstractTransferListenerAdapter - Downloaded https://repo.maven.apache.org/maven2/org/springframework/spring-tx/3.1.1.RELEASE/spring-tx-3.1.1.RELEASE.pom
2021-06-24 01:59:12,484 [Worker-113: reload maven project] INFO  o.e.m.c.i.e.AbstractTransferListenerAdapter - Downloaded http://mesir.googlecode.com/svn/trunk/mavenrepo/net/sf/json-lib/json-lib-ext-spring/1.0.2/json-lib-ext-spring-1.0.2.pom
2021-06-24 01:59:12,627 [Worker-113: reload maven project] INFO  o.e.m.c.i.e.AbstractTransferListenerAdapter - Downloading https://repo.maven.apache.org/maven2/net/sf/json-lib/json-lib-ext-spring/1.0.2/json-lib-ext-spring-1.0.2.pom
2021-06-24 01:59:12,811 [Worker-113: reload maven project] INFO  o.e.m.c.i.e.AbstractTransferListenerAdapter - Downloaded https://repo.maven.apache.org/maven2/net/sf/json-lib/json-lib-ext-spring/1.0.2/json-lib-ext-spring-1.0.2.pom
2021-06-24 01:59:12,869 [Worker-113: reload maven project] INFO  o.e.m.c.i.e.AbstractTransferListenerAdapter - Downloaded http://mesir.googlecode.com/svn/trunk/mavenrepo/net/sf/json-lib/json-lib/2.2.2/json-lib-2.2.2.pom
2021-06-24 01:59:13,064 [Worker-113: reload maven project] INFO  o.e.m.c.i.e.AbstractTransferListenerAdapter - Downloading https://repo.maven.apache.org/maven2/net/sf/json-lib/json-lib/2.2.2/json-lib-2.2.2.pom
2021-06-24 01:59:13,258 [Worker-113: reload maven project] INFO  o.e.m.c.i.e.AbstractTransferListenerAdapter - Downloaded https://repo.maven.apache.org/maven2/net/sf/json-lib/json-lib/2.2.2/json-lib-2.2.2.pom
2021-06-24 01:59:13,327 [Worker-113: reload maven project] INFO  o.e.m.c.i.e.AbstractTransferListenerAdapter - Downloaded http://mesir.googlecode.com/svn/trunk/mavenrepo/commons-beanutils/commons-beanutils/1.7.0/commons-beanutils-1.7.0.pom
2021-06-24 01:59:13,477 [Worker-113: reload maven project] INFO  o.e.m.c.i.e.AbstractTransferListenerAdapter - Downloading https://repo.maven.apache.org/maven2/commons-beanutils/commons-beanutils/1.7.0/commons-beanutils-1.7.0.pom
2021-06-24 01:59:13,654 [Worker-113: reload maven project] INFO  o.e.m.c.i.e.AbstractTransferListenerAdapter - Downloaded https://repo.maven.apache.org/maven2/commons-beanutils/commons-beanutils/1.7.0/commons-beanutils-1.7.0.pom
2021-06-24 01:59:13,988 [Worker-113: reload maven project] INFO  o.e.m.c.i.e.AbstractTransferListenerAdapter - Downloaded http://mesir.googlecode.com/svn/trunk/mavenrepo/commons-logging/commons-logging/1.0.3/commons-logging-1.0.3.pom
2021-06-24 01:59:14,131 [Worker-113: reload maven project] INFO  o.e.m.c.i.e.AbstractTransferListenerAdapter - Downloading https://repo.maven.apache.org/maven2/commons-logging/commons-logging/1.0.3/commons-logging-1.0.3.pom
2021-06-24 01:59:14,293 [Worker-113: reload maven project] INFO  o.e.m.c.i.e.AbstractTransferListenerAdapter - Downloaded https://repo.maven.apache.org/maven2/commons-logging/commons-logging/1.0.3/commons-logging-1.0.3.pom
2021-06-24 01:59:14,367 [Worker-113: reload maven project] INFO  o.e.m.c.i.e.AbstractTransferListenerAdapter - Downloaded http://mesir.googlecode.com/svn/trunk/mavenrepo/commons-collections/commons-collections/3.2/commons-collections-3.2.pom
2021-06-24 01:59:14,507 [Worker-113: reload maven project] INFO  o.e.m.c.i.e.AbstractTransferListenerAdapter - Downloading https://repo.maven.apache.org/maven2/commons-collections/commons-collections/3.2/commons-collections-3.2.pom
2021-06-24 01:59:14,676 [Worker-113: reload maven project] INFO  o.e.m.c.i.e.AbstractTransferListenerAdapter - Downloaded https://repo.maven.apache.org/maven2/commons-collections/commons-collections/3.2/commons-collections-3.2.pom
2021-06-24 01:59:14,754 [Worker-113: reload maven project] INFO  o.e.m.c.i.e.AbstractTransferListenerAdapter - Downloaded http://mesir.googlecode.com/svn/trunk/mavenrepo/commons-lang/commons-lang/2.4/commons-lang-2.4.pom
2021-06-24 01:59:14,906 [Worker-113: reload maven project] INFO  o.e.m.c.i.e.AbstractTransferListenerAdapter - Downloading https://repo.maven.apache.org/maven2/commons-lang/commons-lang/2.4/commons-lang-2.4.pom
2021-06-24 01:59:15,099 [Worker-113: reload maven project] INFO  o.e.m.c.i.e.AbstractTransferListenerAdapter - Downloaded https://repo.maven.apache.org/maven2/commons-lang/commons-lang/2.4/commons-lang-2.4.pom
2021-06-24 01:59:15,348 [Worker-113: reload maven project] INFO  o.e.m.c.i.e.AbstractTransferListenerAdapter - Downloading https://repo.maven.apache.org/maven2/org/apache/commons/commons-parent/9/commons-parent-9.pom
2021-06-24 01:59:15,612 [Worker-113: reload maven project] INFO  o.e.m.c.i.e.AbstractTransferListenerAdapter - Downloaded https://repo.maven.apache.org/maven2/org/apache/commons/commons-parent/9/commons-parent-9.pom
2021-06-24 01:59:15,726 [Worker-113: reload maven project] INFO  o.e.m.c.i.e.AbstractTransferListenerAdapter - Downloaded http://mesir.googlecode.com/svn/trunk/mavenrepo/net/sf/ezmorph/ezmorph/1.0.4/ezmorph-1.0.4.pom
2021-06-24 01:59:15,873 [Worker-113: reload maven project] INFO  o.e.m.c.i.e.AbstractTransferListenerAdapter - Downloading https://repo.maven.apache.org/maven2/net/sf/ezmorph/ezmorph/1.0.4/ezmorph-1.0.4.pom
2021-06-24 01:59:16,114 [Worker-113: reload maven project] INFO  o.e.m.c.i.e.AbstractTransferListenerAdapter - Downloaded https://repo.maven.apache.org/maven2/net/sf/ezmorph/ezmorph/1.0.4/ezmorph-1.0.4.pom
2021-06-24 01:59:16,211 [Worker-113: reload maven project] INFO  o.e.m.c.i.e.AbstractTransferListenerAdapter - Downloaded http://mesir.googlecode.com/svn/trunk/mavenrepo/commons-lang/commons-lang/2.3/commons-lang-2.3.pom
2021-06-24 01:59:16,413 [Worker-113: reload maven project] INFO  o.e.m.c.i.e.AbstractTransferListenerAdapter - Downloading https://repo.maven.apache.org/maven2/commons-lang/commons-lang/2.3/commons-lang-2.3.pom
2021-06-24 01:59:16,608 [Worker-113: reload maven project] INFO  o.e.m.c.i.e.AbstractTransferListenerAdapter - Downloaded https://repo.maven.apache.org/maven2/commons-lang/commons-lang/2.3/commons-lang-2.3.pom
2021-06-24 01:59:16,666 [Worker-113: reload maven project] INFO  o.e.m.c.i.e.AbstractTransferListenerAdapter - Downloaded http://mesir.googlecode.com/svn/trunk/mavenrepo/org/springframework/spring-webmvc/2.5.4/spring-webmvc-2.5.4.pom
2021-06-24 01:59:16,861 [Worker-113: reload maven project] INFO  o.e.m.c.i.e.AbstractTransferListenerAdapter - Downloading https://repo.maven.apache.org/maven2/org/springframework/spring-webmvc/2.5.4/spring-webmvc-2.5.4.pom
2021-06-24 01:59:17,098 [Worker-113: reload maven project] INFO  o.e.m.c.i.e.AbstractTransferListenerAdapter - Downloaded https://repo.maven.apache.org/maven2/org/springframework/spring-webmvc/2.5.4/spring-webmvc-2.5.4.pom
2021-06-24 01:59:17,169 [Worker-113: reload maven project] INFO  o.e.m.c.i.e.AbstractTransferListenerAdapter - Downloaded http://mesir.googlecode.com/svn/trunk/mavenrepo/org/springframework/spring-beans/2.5.4/spring-beans-2.5.4.pom
2021-06-24 01:59:17,308 [Worker-113: reload maven project] INFO  o.e.m.c.i.e.AbstractTransferListenerAdapter - Downloading https://repo.maven.apache.org/maven2/org/springframework/spring-beans/2.5.4/spring-beans-2.5.4.pom
2021-06-24 01:59:17,478 [Worker-113: reload maven project] INFO  o.e.m.c.i.e.AbstractTransferListenerAdapter - Downloaded https://repo.maven.apache.org/maven2/org/springframework/spring-beans/2.5.4/spring-beans-2.5.4.pom
2021-06-24 01:59:17,541 [Worker-113: reload maven project] INFO  o.e.m.c.i.e.AbstractTransferListenerAdapter - Downloaded http://mesir.googlecode.com/svn/trunk/mavenrepo/org/springframework/spring-core/2.5.4/spring-core-2.5.4.pom
2021-06-24 01:59:17,680 [Worker-113: reload maven project] INFO  o.e.m.c.i.e.AbstractTransferListenerAdapter - Downloading https://repo.maven.apache.org/maven2/org/springframework/spring-core/2.5.4/spring-core-2.5.4.pom
2021-06-24 01:59:17,848 [Worker-113: reload maven project] INFO  o.e.m.c.i.e.AbstractTransferListenerAdapter - Downloaded https://repo.maven.apache.org/maven2/org/springframework/spring-core/2.5.4/spring-core-2.5.4.pom
2021-06-24 01:59:17,906 [Worker-113: reload maven project] INFO  o.e.m.c.i.e.AbstractTransferListenerAdapter - Downloaded http://mesir.googlecode.com/svn/trunk/mavenrepo/org/springframework/spring-context/2.5.4/spring-context-2.5.4.pom
2021-06-24 01:59:18,049 [Worker-113: reload maven project] INFO  o.e.m.c.i.e.AbstractTransferListenerAdapter - Downloading https://repo.maven.apache.org/maven2/org/springframework/spring-context/2.5.4/spring-context-2.5.4.pom
2021-06-24 01:59:18,362 [Worker-113: reload maven project] INFO  o.e.m.c.i.e.AbstractTransferListenerAdapter - Downloaded https://repo.maven.apache.org/maven2/org/springframework/spring-context/2.5.4/spring-context-2.5.4.pom
2021-06-24 01:59:18,438 [Worker-113: reload maven project] INFO  o.e.m.c.i.e.AbstractTransferListenerAdapter - Downloaded http://mesir.googlecode.com/svn/trunk/mavenrepo/org/springframework/spring-context-support/2.5.4/spring-context-support-2.5.4.pom
2021-06-24 01:59:18,593 [Worker-113: reload maven project] INFO  o.e.m.c.i.e.AbstractTransferListenerAdapter - Downloading https://repo.maven.apache.org/maven2/org/springframework/spring-context-support/2.5.4/spring-context-support-2.5.4.pom
2021-06-24 01:59:18,816 [Worker-113: reload maven project] INFO  o.e.m.c.i.e.AbstractTransferListenerAdapter - Downloaded https://repo.maven.apache.org/maven2/org/springframework/spring-context-support/2.5.4/spring-context-support-2.5.4.pom
2021-06-24 01:59:18,877 [Worker-113: reload maven project] INFO  o.e.m.c.i.e.AbstractTransferListenerAdapter - Downloaded http://mesir.googlecode.com/svn/trunk/mavenrepo/org/springframework/spring-web/2.5.4/spring-web-2.5.4.pom
2021-06-24 01:59:19,086 [Worker-113: reload maven project] INFO  o.e.m.c.i.e.AbstractTransferListenerAdapter - Downloading https://repo.maven.apache.org/maven2/org/springframework/spring-web/2.5.4/spring-web-2.5.4.pom
2021-06-24 01:59:19,331 [Worker-113: reload maven project] INFO  o.e.m.c.i.e.AbstractTransferListenerAdapter - Downloaded https://repo.maven.apache.org/maven2/org/springframework/spring-web/2.5.4/spring-web-2.5.4.pom
2021-06-24 01:59:19,411 [Worker-113: reload maven project] INFO  o.e.m.c.i.e.AbstractTransferListenerAdapter - Downloaded http://mesir.googlecode.com/svn/trunk/mavenrepo/javax/servlet/servlet-api/2.4/servlet-api-2.4.pom
2021-06-24 01:59:19,599 [Worker-113: reload maven project] INFO  o.e.m.c.i.e.AbstractTransferListenerAdapter - Downloading https://repo.maven.apache.org/maven2/javax/servlet/servlet-api/2.4/servlet-api-2.4.pom
2021-06-24 01:59:19,782 [Worker-113: reload maven project] INFO  o.e.m.c.i.e.AbstractTransferListenerAdapter - Downloaded https://repo.maven.apache.org/maven2/javax/servlet/servlet-api/2.4/servlet-api-2.4.pom
2021-06-24 01:59:19,841 [Worker-113: reload maven project] INFO  o.e.m.c.i.e.AbstractTransferListenerAdapter - Downloaded http://mesir.googlecode.com/svn/trunk/mavenrepo/log4j/log4j/1.2.14/log4j-1.2.14.pom
2021-06-24 01:59:19,978 [Worker-113: reload maven project] INFO  o.e.m.c.i.e.AbstractTransferListenerAdapter - Downloading https://repo.maven.apache.org/maven2/log4j/log4j/1.2.14/log4j-1.2.14.pom
2021-06-24 01:59:20,144 [Worker-113: reload maven project] INFO  o.e.m.c.i.e.AbstractTransferListenerAdapter - Downloaded https://repo.maven.apache.org/maven2/log4j/log4j/1.2.14/log4j-1.2.14.pom
2021-06-24 01:59:20,203 [Worker-113: reload maven project] INFO  o.e.m.c.i.e.AbstractTransferListenerAdapter - Downloaded http://mesir.googlecode.com/svn/trunk/mavenrepo/org/codehaus/jackson/jackson-mapper-asl/1.9.13/jackson-mapper-asl-1.9.13.pom
2021-06-24 01:59:20,342 [Worker-113: reload maven project] INFO  o.e.m.c.i.e.AbstractTransferListenerAdapter - Downloading https://repo.maven.apache.org/maven2/org/codehaus/jackson/jackson-mapper-asl/1.9.13/jackson-mapper-asl-1.9.13.pom
2021-06-24 01:59:20,520 [Worker-113: reload maven project] INFO  o.e.m.c.i.e.AbstractTransferListenerAdapter - Downloaded https://repo.maven.apache.org/maven2/org/codehaus/jackson/jackson-mapper-asl/1.9.13/jackson-mapper-asl-1.9.13.pom
2021-06-24 01:59:20,581 [Worker-113: reload maven project] INFO  o.e.m.c.i.e.AbstractTransferListenerAdapter - Downloaded http://mesir.googlecode.com/svn/trunk/mavenrepo/org/codehaus/jackson/jackson-core-asl/1.9.13/jackson-core-asl-1.9.13.pom
2021-06-24 01:59:20,719 [Worker-113: reload maven project] INFO  o.e.m.c.i.e.AbstractTransferListenerAdapter - Downloading https://repo.maven.apache.org/maven2/org/codehaus/jackson/jackson-core-asl/1.9.13/jackson-core-asl-1.9.13.pom
2021-06-24 01:59:20,883 [Worker-113: reload maven project] INFO  o.e.m.c.i.e.AbstractTransferListenerAdapter - Downloaded https://repo.maven.apache.org/maven2/org/codehaus/jackson/jackson-core-asl/1.9.13/jackson-core-asl-1.9.13.pom
2021-06-24 01:59:20,947 [Worker-113: reload maven project] INFO  o.e.m.c.i.e.AbstractTransferListenerAdapter - Downloaded http://mesir.googlecode.com/svn/trunk/mavenrepo/org/lazyluke/log4jdbc-remix/0.2.7/log4jdbc-remix-0.2.7.pom
2021-06-24 01:59:21,085 [Worker-113: reload maven project] INFO  o.e.m.c.i.e.AbstractTransferListenerAdapter - Downloading https://repo.maven.apache.org/maven2/org/lazyluke/log4jdbc-remix/0.2.7/log4jdbc-remix-0.2.7.pom
2021-06-24 01:59:21,243 [Worker-113: reload maven project] INFO  o.e.m.c.i.e.AbstractTransferListenerAdapter - Downloaded https://repo.maven.apache.org/maven2/org/lazyluke/log4jdbc-remix/0.2.7/log4jdbc-remix-0.2.7.pom
2021-06-24 01:59:21,336 [Worker-113: reload maven project] INFO  o.e.m.c.i.e.AbstractTransferListenerAdapter - Downloaded http://mesir.googlecode.com/svn/trunk/mavenrepo/org/slf4j/slf4j-api/1.6.2/slf4j-api-1.6.2.pom
2021-06-24 01:59:21,491 [Worker-113: reload maven project] INFO  o.e.m.c.i.e.AbstractTransferListenerAdapter - Downloading https://repo.maven.apache.org/maven2/org/slf4j/slf4j-api/1.6.2/slf4j-api-1.6.2.pom
2021-06-24 01:59:21,669 [Worker-113: reload maven project] INFO  o.e.m.c.i.e.AbstractTransferListenerAdapter - Downloaded https://repo.maven.apache.org/maven2/org/slf4j/slf4j-api/1.6.2/slf4j-api-1.6.2.pom
2021-06-24 01:59:21,731 [Worker-113: reload maven project] INFO  o.e.m.c.i.e.AbstractTransferListenerAdapter - Downloaded http://mesir.googlecode.com/svn/trunk/mavenrepo/org/slf4j/slf4j-parent/1.6.2/slf4j-parent-1.6.2.pom
2021-06-24 01:59:21,893 [Worker-113: reload maven project] INFO  o.e.m.c.i.e.AbstractTransferListenerAdapter - Downloading https://repo.maven.apache.org/maven2/org/slf4j/slf4j-parent/1.6.2/slf4j-parent-1.6.2.pom
2021-06-24 01:59:22,073 [Worker-113: reload maven project] INFO  o.e.m.c.i.e.AbstractTransferListenerAdapter - Downloaded https://repo.maven.apache.org/maven2/org/slf4j/slf4j-parent/1.6.2/slf4j-parent-1.6.2.pom
2021-06-24 01:59:22,175 [AetherRepositoryConnector-mesir.googlecode.com-0-2] INFO  o.e.m.c.i.e.AbstractTransferListenerAdapter - Downloaded http://mesir.googlecode.com/svn/trunk/mavenrepo/commons-dbcp/commons-dbcp/1.4/commons-dbcp-1.4.jar
2021-06-24 01:59:22,227 [AetherRepositoryConnector-mesir.googlecode.com-0-0] INFO  o.e.m.c.i.e.AbstractTransferListenerAdapter - Downloaded http://mesir.googlecode.com/svn/trunk/mavenrepo/com/oracle/ojdbc14/10.2.0.4.0/ojdbc14-10.2.0.4.0.jar
2021-06-24 01:59:22,231 [AetherRepositoryConnector-mesir.googlecode.com-0-2] INFO  o.e.m.c.i.e.AbstractTransferListenerAdapter - Downloaded http://mesir.googlecode.com/svn/trunk/mavenrepo/org/springframework/spring-tx/3.1.1.RELEASE/spring-tx-3.1.1.RELEASE.jar
2021-06-24 01:59:22,245 [AetherRepositoryConnector-mesir.googlecode.com-0-3] INFO  o.e.m.c.i.e.AbstractTransferListenerAdapter - Downloaded http://mesir.googlecode.com/svn/trunk/mavenrepo/commons-pool/commons-pool/1.5.4/commons-pool-1.5.4.jar
2021-06-24 01:59:22,245 [AetherRepositoryConnector-mesir.googlecode.com-0-1] INFO  o.e.m.c.i.e.AbstractTransferListenerAdapter - Downloaded http://mesir.googlecode.com/svn/trunk/mavenrepo/org/mybatis/mybatis/3.2.7/mybatis-3.2.7.jar
2021-06-24 01:59:22,251 [AetherRepositoryConnector-mesir.googlecode.com-0-4] INFO  o.e.m.c.i.e.AbstractTransferListenerAdapter - Downloaded http://mesir.googlecode.com/svn/trunk/mavenrepo/org/springframework/spring-jdbc/3.1.1.RELEASE/spring-jdbc-3.1.1.RELEASE.jar
2021-06-24 01:59:22,280 [AetherRepositoryConnector-mesir.googlecode.com-0-0] INFO  o.e.m.c.i.e.AbstractTransferListenerAdapter - Downloaded http://mesir.googlecode.com/svn/trunk/mavenrepo/net/sf/json-lib/json-lib-ext-spring/1.0.2/json-lib-ext-spring-1.0.2.jar
2021-06-24 01:59:22,289 [AetherRepositoryConnector-mesir.googlecode.com-0-2] INFO  o.e.m.c.i.e.AbstractTransferListenerAdapter - Downloaded http://mesir.googlecode.com/svn/trunk/mavenrepo/net/sf/json-lib/json-lib/2.2.2/json-lib-2.2.2-jdk15.jar
2021-06-24 01:59:22,306 [AetherRepositoryConnector-mesir.googlecode.com-0-3] INFO  o.e.m.c.i.e.AbstractTransferListenerAdapter - Downloaded http://mesir.googlecode.com/svn/trunk/mavenrepo/commons-beanutils/commons-beanutils/1.7.0/commons-beanutils-1.7.0.jar
2021-06-24 01:59:22,306 [AetherRepositoryConnector-mesir.googlecode.com-0-1] INFO  o.e.m.c.i.e.AbstractTransferListenerAdapter - Downloaded http://mesir.googlecode.com/svn/trunk/mavenrepo/commons-collections/commons-collections/3.2/commons-collections-3.2.jar
2021-06-24 01:59:22,324 [AetherRepositoryConnector-mesir.googlecode.com-0-4] INFO  o.e.m.c.i.e.AbstractTransferListenerAdapter - Downloaded http://mesir.googlecode.com/svn/trunk/mavenrepo/commons-lang/commons-lang/2.4/commons-lang-2.4.jar
2021-06-24 01:59:22,336 [AetherRepositoryConnector-mesir.googlecode.com-0-0] INFO  o.e.m.c.i.e.AbstractTransferListenerAdapter - Downloaded http://mesir.googlecode.com/svn/trunk/mavenrepo/net/sf/ezmorph/ezmorph/1.0.4/ezmorph-1.0.4.jar
2021-06-24 01:59:22,349 [AetherRepositoryConnector-mesir.googlecode.com-0-2] INFO  o.e.m.c.i.e.AbstractTransferListenerAdapter - Downloaded http://mesir.googlecode.com/svn/trunk/mavenrepo/org/codehaus/jackson/jackson-mapper-asl/1.9.13/jackson-mapper-asl-1.9.13.jar
2021-06-24 01:59:22,366 [AetherRepositoryConnector-mesir.googlecode.com-0-1] INFO  o.e.m.c.i.e.AbstractTransferListenerAdapter - Downloaded http://mesir.googlecode.com/svn/trunk/mavenrepo/org/codehaus/jackson/jackson-core-asl/1.9.13/jackson-core-asl-1.9.13.jar
2021-06-24 01:59:22,366 [AetherRepositoryConnector-mesir.googlecode.com-0-3] INFO  o.e.m.c.i.e.AbstractTransferListenerAdapter - Downloaded http://mesir.googlecode.com/svn/trunk/mavenrepo/org/lazyluke/log4jdbc-remix/0.2.7/log4jdbc-remix-0.2.7.jar
2021-06-24 01:59:22,620 [AetherRepositoryConnector-repo.maven.apache.org-1-2] INFO  o.e.m.c.i.e.AbstractTransferListenerAdapter - Downloading https://repo.maven.apache.org/maven2/commons-dbcp/commons-dbcp/1.4/commons-dbcp-1.4.jar
2021-06-24 01:59:22,802 [AetherRepositoryConnector-repo.maven.apache.org-1-1] INFO  o.e.m.c.i.e.AbstractTransferListenerAdapter - Downloading https://repo.maven.apache.org/maven2/org/mybatis/mybatis/3.2.7/mybatis-3.2.7.jar
2021-06-24 01:59:22,802 [AetherRepositoryConnector-repo.maven.apache.org-1-3] INFO  o.e.m.c.i.e.AbstractTransferListenerAdapter - Downloading https://repo.maven.apache.org/maven2/commons-pool/commons-pool/1.5.4/commons-pool-1.5.4.jar
2021-06-24 01:59:22,802 [AetherRepositoryConnector-repo.maven.apache.org-1-4] INFO  o.e.m.c.i.e.AbstractTransferListenerAdapter - Downloading https://repo.maven.apache.org/maven2/org/springframework/spring-jdbc/3.1.1.RELEASE/spring-jdbc-3.1.1.RELEASE.jar
2021-06-24 01:59:22,802 [AetherRepositoryConnector-repo.maven.apache.org-1-0] INFO  o.e.m.c.i.e.AbstractTransferListenerAdapter - Downloaded https://repo.maven.apache.org/maven2/com/oracle/ojdbc14/10.2.0.4.0/ojdbc14-10.2.0.4.0.jar
2021-06-24 01:59:22,997 [AetherRepositoryConnector-repo.maven.apache.org-1-0] INFO  o.e.m.c.i.e.AbstractTransferListenerAdapter - Downloading https://repo.maven.apache.org/maven2/org/springframework/spring-tx/3.1.1.RELEASE/spring-tx-3.1.1.RELEASE.jar
2021-06-24 01:59:25,713 [AetherRepositoryConnector-repo.maven.apache.org-1-3] INFO  o.e.m.c.i.e.AbstractTransferListenerAdapter - Downloaded https://repo.maven.apache.org/maven2/commons-pool/commons-pool/1.5.4/commons-pool-1.5.4.jar
2021-06-24 01:59:25,721 [AetherRepositoryConnector-repo.maven.apache.org-1-2] INFO  o.e.m.c.i.e.AbstractTransferListenerAdapter - Downloaded https://repo.maven.apache.org/maven2/commons-dbcp/commons-dbcp/1.4/commons-dbcp-1.4.jar
2021-06-24 01:59:26,148 [AetherRepositoryConnector-repo.maven.apache.org-1-2] INFO  o.e.m.c.i.e.AbstractTransferListenerAdapter - Downloading https://repo.maven.apache.org/maven2/net/sf/json-lib/json-lib/2.2.2/json-lib-2.2.2-jdk15.jar
2021-06-24 01:59:26,148 [AetherRepositoryConnector-repo.maven.apache.org-1-3] INFO  o.e.m.c.i.e.AbstractTransferListenerAdapter - Downloading https://repo.maven.apache.org/maven2/net/sf/json-lib/json-lib-ext-spring/1.0.2/json-lib-ext-spring-1.0.2.jar
2021-06-24 01:59:26,531 [AetherRepositoryConnector-repo.maven.apache.org-1-3] INFO  o.e.m.c.i.e.AbstractTransferListenerAdapter - Downloaded https://repo.maven.apache.org/maven2/net/sf/json-lib/json-lib-ext-spring/1.0.2/json-lib-ext-spring-1.0.2.jar
2021-06-24 01:59:26,717 [AetherRepositoryConnector-repo.maven.apache.org-1-3] INFO  o.e.m.c.i.e.AbstractTransferListenerAdapter - Downloading https://repo.maven.apache.org/maven2/commons-beanutils/commons-beanutils/1.7.0/commons-beanutils-1.7.0.jar
2021-06-24 01:59:27,012 [AetherRepositoryConnector-repo.maven.apache.org-1-0] INFO  o.e.m.c.i.e.AbstractTransferListenerAdapter - Downloaded https://repo.maven.apache.org/maven2/org/springframework/spring-tx/3.1.1.RELEASE/spring-tx-3.1.1.RELEASE.jar
2021-06-24 01:59:27,589 [AetherRepositoryConnector-repo.maven.apache.org-1-0] INFO  o.e.m.c.i.e.AbstractTransferListenerAdapter - Downloading https://repo.maven.apache.org/maven2/commons-collections/commons-collections/3.2/commons-collections-3.2.jar
2021-06-24 01:59:29,216 [AetherRepositoryConnector-repo.maven.apache.org-1-2] INFO  o.e.m.c.i.e.AbstractTransferListenerAdapter - Downloaded https://repo.maven.apache.org/maven2/net/sf/json-lib/json-lib/2.2.2/json-lib-2.2.2-jdk15.jar
2021-06-24 01:59:29,372 [AetherRepositoryConnector-repo.maven.apache.org-1-2] INFO  o.e.m.c.i.e.AbstractTransferListenerAdapter - Downloading https://repo.maven.apache.org/maven2/commons-lang/commons-lang/2.4/commons-lang-2.4.jar
2021-06-24 01:59:30,112 [AetherRepositoryConnector-repo.maven.apache.org-1-4] INFO  o.e.m.c.i.e.AbstractTransferListenerAdapter - Downloaded https://repo.maven.apache.org/maven2/org/springframework/spring-jdbc/3.1.1.RELEASE/spring-jdbc-3.1.1.RELEASE.jar
2021-06-24 01:59:30,270 [AetherRepositoryConnector-repo.maven.apache.org-1-4] INFO  o.e.m.c.i.e.AbstractTransferListenerAdapter - Downloading https://repo.maven.apache.org/maven2/net/sf/ezmorph/ezmorph/1.0.4/ezmorph-1.0.4.jar
2021-06-24 01:59:30,604 [AetherRepositoryConnector-repo.maven.apache.org-1-3] INFO  o.e.m.c.i.e.AbstractTransferListenerAdapter - Downloaded https://repo.maven.apache.org/maven2/commons-beanutils/commons-beanutils/1.7.0/commons-beanutils-1.7.0.jar
2021-06-24 01:59:30,782 [AetherRepositoryConnector-repo.maven.apache.org-1-3] INFO  o.e.m.c.i.e.AbstractTransferListenerAdapter - Downloading https://repo.maven.apache.org/maven2/org/codehaus/jackson/jackson-mapper-asl/1.9.13/jackson-mapper-asl-1.9.13.jar
2021-06-24 01:59:31,633 [AetherRepositoryConnector-repo.maven.apache.org-1-4] INFO  o.e.m.c.i.e.AbstractTransferListenerAdapter - Downloaded https://repo.maven.apache.org/maven2/net/sf/ezmorph/ezmorph/1.0.4/ezmorph-1.0.4.jar
2021-06-24 01:59:31,804 [AetherRepositoryConnector-repo.maven.apache.org-1-4] INFO  o.e.m.c.i.e.AbstractTransferListenerAdapter - Downloading https://repo.maven.apache.org/maven2/org/codehaus/jackson/jackson-core-asl/1.9.13/jackson-core-asl-1.9.13.jar
2021-06-24 01:59:32,967 [AetherRepositoryConnector-repo.maven.apache.org-1-2] INFO  o.e.m.c.i.e.AbstractTransferListenerAdapter - Downloaded https://repo.maven.apache.org/maven2/commons-lang/commons-lang/2.4/commons-lang-2.4.jar
2021-06-24 01:59:33,118 [AetherRepositoryConnector-repo.maven.apache.org-1-2] INFO  o.e.m.c.i.e.AbstractTransferListenerAdapter - Downloading https://repo.maven.apache.org/maven2/org/lazyluke/log4jdbc-remix/0.2.7/log4jdbc-remix-0.2.7.jar
2021-06-24 01:59:34,292 [AetherRepositoryConnector-repo.maven.apache.org-1-1] INFO  o.e.m.c.i.e.AbstractTransferListenerAdapter - Downloaded https://repo.maven.apache.org/maven2/org/mybatis/mybatis/3.2.7/mybatis-3.2.7.jar
2021-06-24 01:59:34,916 [AetherRepositoryConnector-repo.maven.apache.org-1-2] INFO  o.e.m.c.i.e.AbstractTransferListenerAdapter - Downloaded https://repo.maven.apache.org/maven2/org/lazyluke/log4jdbc-remix/0.2.7/log4jdbc-remix-0.2.7.jar
2021-06-24 01:59:35,416 [AetherRepositoryConnector-repo.maven.apache.org-1-4] INFO  o.e.m.c.i.e.AbstractTransferListenerAdapter - Downloaded https://repo.maven.apache.org/maven2/org/codehaus/jackson/jackson-core-asl/1.9.13/jackson-core-asl-1.9.13.jar
2021-06-24 01:59:38,470 [AetherRepositoryConnector-repo.maven.apache.org-1-0] INFO  o.e.m.c.i.e.AbstractTransferListenerAdapter - Downloaded https://repo.maven.apache.org/maven2/commons-collections/commons-collections/3.2/commons-collections-3.2.jar
2021-06-24 01:59:38,778 [AetherRepositoryConnector-repo.maven.apache.org-1-3] INFO  o.e.m.c.i.e.AbstractTransferListenerAdapter - Downloaded https://repo.maven.apache.org/maven2/org/codehaus/jackson/jackson-mapper-asl/1.9.13/jackson-mapper-asl-1.9.13.jar
2021-06-24 10:12:18,816 [Worker-3: Loading available Gradle versions] INFO  o.e.b.c.i.u.g.PublishedGradleVersions - Gradle version information cache is up-to-date. Trying to read.
2021-06-24 16:12:50,390 [Worker-1: Loading available Gradle versions] INFO  o.e.b.c.i.u.g.PublishedGradleVersions - Gradle version information cache is up-to-date. Trying to read.
2021-06-24 23:17:37,510 [Worker-2: Loading available Gradle versions] INFO  o.e.b.c.i.u.g.PublishedGradleVersions - Gradle version information cache is up-to-date. Trying to read.
2021-06-25 10:13:50,157 [Worker-1: Loading available Gradle versions] INFO  o.e.b.c.i.u.g.PublishedGradleVersions - Gradle version information cache is up-to-date. Trying to read.
2021-06-27 15:47:59,657 [Worker-1: Loading available Gradle versions] INFO  o.e.b.c.i.u.g.PublishedGradleVersions - Gradle version information cache is up-to-date. Trying to read.
2021-07-23 17:44:35,623 [Worker-0: Loading available Gradle versions] INFO  o.e.b.c.i.u.g.PublishedGradleVersions - Gradle version information cache is up-to-date. Trying to read.
2021-07-27 10:09:58,417 [Worker-2: Loading available Gradle versions] INFO  o.e.b.c.i.u.g.PublishedGradleVersions - Gradle version information cache is out-of-date. Trying to update.
2021-07-27 14:36:46,001 [Worker-3: Loading available Gradle versions] INFO  o.e.b.c.i.u.g.PublishedGradleVersions - Gradle version information cache is up-to-date. Trying to read.
2021-07-29 17:44:45,741 [Worker-4: Loading available Gradle versions] INFO  o.e.b.c.i.u.g.PublishedGradleVersions - Gradle version information cache is out-of-date. Trying to update.
2021-07-30 09:08:54,445 [Worker-5: Loading available Gradle versions] INFO  o.e.b.c.i.u.g.PublishedGradleVersions - Gradle version information cache is up-to-date. Trying to read.
2021-07-30 10:31:34,746 [Worker-2: Loading available Gradle versions] INFO  o.e.b.c.i.u.g.PublishedGradleVersions - Gradle version information cache is up-to-date. Trying to read.
2021-08-02 13:10:57,322 [Worker-4: Loading available Gradle versions] INFO  o.e.b.c.i.u.g.PublishedGradleVersions - Gradle version information cache is out-of-date. Trying to update.
2021-08-02 17:54:21,007 [Worker-1: Loading available Gradle versions] INFO  o.e.b.c.i.u.g.PublishedGradleVersions - Gradle version information cache is up-to-date. Trying to read.
2021-08-06 17:44:23,475 [Worker-1: Loading available Gradle versions] INFO  o.e.b.c.i.u.g.PublishedGradleVersions - Gradle version information cache is out-of-date. Trying to update.
2021-08-09 09:11:03,247 [Worker-1: Loading available Gradle versions] INFO  o.e.b.c.i.u.g.PublishedGradleVersions - Gradle version information cache is out-of-date. Trying to update.
2021-08-09 09:11:03,542 [Worker-1: Loading available Gradle versions] INFO  o.e.b.c.i.u.g.PublishedGradleVersions - Updating Gradle version information cache failed. Using outdated cache.
2022-01-24 13:24:16,582 [Worker-0: Loading available Gradle versions] INFO  o.e.b.c.i.u.g.PublishedGradleVersions - Gradle version information cache is up-to-date. Trying to read.
